{
  "RSpec": {
    "coverage": {
      "/Users/v/mod_2/b2-final-2010/spec/features/competitions/show_spec.rb": {
        "lines": [
          1,
          null,
          1,
          1,
          null,
          2,
          2,
          2,
          null,
          2,
          2,
          2,
          null,
          2,
          2,
          2,
          2,
          null,
          2,
          2,
          2,
          null,
          2,
          null,
          1,
          1,
          1,
          1,
          1,
          1,
          1,
          1,
          1,
          null,
          1,
          1,
          null,
          0,
          null,
          0,
          0,
          0,
          null,
          0,
          0,
          null,
          0,
          null,
          0,
          0,
          null,
          null
        ]
      },
      "/Users/v/mod_2/b2-final-2010/spec/models/championship_spec.rb": {
        "lines": [
          1,
          null,
          1,
          1,
          2,
          2,
          null,
          null
        ]
      },
      "/Users/v/mod_2/b2-final-2010/app/models/championship.rb": {
        "lines": [
          1,
          1,
          1,
          null
        ]
      },
      "/Users/v/mod_2/b2-final-2010/app/models/application_record.rb": {
        "lines": [
          1,
          1,
          null
        ]
      },
      "/Users/v/mod_2/b2-final-2010/spec/models/competition_spec.rb": {
        "lines": [
          1,
          null,
          1,
          1,
          2,
          2,
          null,
          1,
          1,
          null,
          1,
          1,
          1,
          null,
          1,
          1,
          1,
          null,
          1,
          1,
          1,
          1,
          null,
          1,
          1,
          1,
          null,
          1,
          1,
          null,
          null,
          null
        ]
      },
      "/Users/v/mod_2/b2-final-2010/app/models/competition.rb": {
        "lines": [
          1,
          1,
          1,
          1,
          null,
          1,
          5,
          null,
          null
        ]
      },
      "/Users/v/mod_2/b2-final-2010/spec/models/player_spec.rb": {
        "lines": [
          1,
          null,
          1,
          1,
          2,
          null,
          null
        ]
      },
      "/Users/v/mod_2/b2-final-2010/app/models/player.rb": {
        "lines": [
          1,
          1,
          null
        ]
      },
      "/Users/v/mod_2/b2-final-2010/spec/models/team_spec.rb": {
        "lines": [
          1,
          null,
          1,
          1,
          2,
          2,
          2,
          null,
          null
        ]
      },
      "/Users/v/mod_2/b2-final-2010/app/models/team.rb": {
        "lines": [
          1,
          1,
          1,
          1,
          null
        ]
      },
      "/Users/v/mod_2/b2-final-2010/app/controllers/competitions_controller.rb": {
        "lines": [
          1,
          null,
          1,
          1,
          null,
          null,
          1,
          3,
          3,
          null,
          null
        ]
      },
      "/Users/v/mod_2/b2-final-2010/app/controllers/application_controller.rb": {
        "lines": [
          1,
          null
        ]
      }
    },
    "timestamp": 1611075312
  }
}
