{
  "RSpec": {
    "coverage": {
      "/Users/v/mod_2/b2-final-2010/app/models/competition.rb": {
        "lines": [
          1,
          1,
          1,
          null
        ]
      },
      "/Users/v/mod_2/b2-final-2010/app/models/application_record.rb": {
        "lines": [
          1,
          1,
          null
        ]
      },
      "/Users/v/mod_2/b2-final-2010/app/models/team.rb": {
        "lines": [
          1,
          1,
          1,
          1,
          null
        ]
      },
      "/Users/v/mod_2/b2-final-2010/app/models/championship.rb": {
        "lines": [
          1,
          1,
          1,
          null
        ]
      },
      "/Users/v/mod_2/b2-final-2010/app/models/player.rb": {
        "lines": [
          1,
          1,
          null
        ]
      },
      "/Users/v/mod_2/b2-final-2010/app/controllers/competitions_controller.rb": {
        "lines": [
          1,
          null,
          1,
          0,
          null,
          null,
          1,
          1,
          null,
          null
        ]
      },
      "/Users/v/mod_2/b2-final-2010/app/controllers/application_controller.rb": {
        "lines": [
          1,
          null
        ]
      }
    },
    "timestamp": 1611074174
  }
}
